<?xml version="1.0" encoding="UTF-8"?>
<!-- Generated by org.testng.reporters.JUnitReportReporter -->
<testsuite hostname="ATMECSINLT-083" failures="0" tests="1" name="com.atmecs.testscripts.TestNinjaStoreProducts" time="24.539" errors="0" timestamp="15 Nov 2019 11:34:12 GMT" skipped="0">
  <testcase classname="com.atmecs.testscripts.TestNinjaStoreProducts" name="selectingFirstProduct" time="24.539"/>
</testsuite> <!-- com.atmecs.testscripts.TestNinjaStoreProducts -->
