<?xml version="1.0" encoding="UTF-8"?>
<!-- Generated by org.testng.reporters.JUnitReportReporter -->
<testsuite hostname="ATMECSINLT-083" failures="0" tests="1" name="com.atmecs.testscripts.TestNinjaStoreProducts" time="23.834" errors="0" timestamp="19 Nov 2019 09:01:49 GMT" skipped="0">
  <testcase classname="com.atmecs.testscripts.TestNinjaStoreProducts" name="selectingProducts" time="23.834"/>
</testsuite> <!-- com.atmecs.testscripts.TestNinjaStoreProducts -->
