<?xml version="1.0" encoding="UTF-8"?>
<!-- Generated by org.testng.reporters.JUnitReportReporter -->
<testsuite hostname="ATMECSINLT-083" failures="0" tests="1" name="com.atmecs.testscripts.TestHeatClinicProduct" time="19.175" errors="0" timestamp="19 Nov 2019 09:01:49 GMT" skipped="0">
  <testcase classname="com.atmecs.testscripts.TestHeatClinicProduct" name="selectingProduct" time="19.175"/>
</testsuite> <!-- com.atmecs.testscripts.TestHeatClinicProduct -->
