<?xml version="1.0" encoding="UTF-8"?>
<!-- Generated by org.testng.reporters.JUnitReportReporter -->
<testsuite hostname="ATMECSINLT-083" failures="0" tests="1" name="com.atmecs.testscripts.TestNinjaStoreProducts" time="24.075" errors="0" timestamp="18 Nov 2019 05:02:05 GMT" skipped="0">
  <testcase classname="com.atmecs.testscripts.TestNinjaStoreProducts" name="selectingFirstProduct" time="24.075"/>
</testsuite> <!-- com.atmecs.testscripts.TestNinjaStoreProducts -->
